2024-04-18 18:34:49,885 INFO o.a.j.u.JMeterUtils: Setting Locale to en_EN
2024-04-18 18:34:49,896 INFO o.a.j.JMeter: Loading user properties from: /opt/homebrew/Cellar/jmeter/5.6.3/libexec/bin/user.properties
2024-04-18 18:34:49,896 INFO o.a.j.JMeter: Loading system properties from: /opt/homebrew/Cellar/jmeter/5.6.3/libexec/bin/system.properties
2024-04-18 18:34:49,899 INFO o.a.j.JMeter: Copyright (c) 1998-2024 The Apache Software Foundation
2024-04-18 18:34:49,899 INFO o.a.j.JMeter: Version 5.6.3
2024-04-18 18:34:49,899 INFO o.a.j.JMeter: java.version=21.0.2
2024-04-18 18:34:49,899 INFO o.a.j.JMeter: java.vm.name=OpenJDK 64-Bit Server VM
2024-04-18 18:34:49,899 INFO o.a.j.JMeter: os.name=Mac OS X
2024-04-18 18:34:49,899 INFO o.a.j.JMeter: os.arch=aarch64
2024-04-18 18:34:49,899 INFO o.a.j.JMeter: os.version=14.2.1
2024-04-18 18:34:49,899 INFO o.a.j.JMeter: file.encoding=UTF-8
2024-04-18 18:34:49,899 INFO o.a.j.JMeter: java.awt.headless=null
2024-04-18 18:34:49,899 INFO o.a.j.JMeter: Max memory     =1073741824
2024-04-18 18:34:49,899 INFO o.a.j.JMeter: Available Processors =8
2024-04-18 18:34:49,904 INFO o.a.j.JMeter: Default Locale=English (EN)
2024-04-18 18:34:49,904 INFO o.a.j.JMeter: JMeter  Locale=English (EN)
2024-04-18 18:34:49,904 INFO o.a.j.JMeter: JMeterHome=/opt/homebrew/Cellar/jmeter/5.6.3/libexec
2024-04-18 18:34:49,904 INFO o.a.j.JMeter: user.dir  =/Users/diegorsm
2024-04-18 18:34:49,904 INFO o.a.j.JMeter: PWD       =/Users/diegorsm
2024-04-18 18:34:49,906 INFO o.a.j.JMeter: IP: 127.0.0.1 Name: Diegos-MacBook-Pro.local FullName: localhost
2024-04-18 18:34:49,912 INFO o.a.j.JMeter: Loaded icon properties from org/apache/jmeter/images/icon.properties
2024-04-18 18:34:50,139 INFO o.a.j.JMeterGuiLauncher: Setting LAF to: com.github.weisj.darklaf.DarkLaf:com.github.weisj.darklaf.theme.DarculaTheme
2024-04-18 18:34:51,130 INFO o.a.j.r.ClassFinder: Will scan jar /opt/homebrew/Cellar/jmeter/5.6.3/libexec/lib/ext/jmeter-plugins-manager-1.9.jar with filter ExtendsClassFilter [parents=[interface org.apache.jmeter.gui.action.Command], inner=false, contains=null, notContains=null]. Consider exposing JMeter plugins via META-INF/services, and add JMeter-Skip-Class-Scanning=true manifest attribute so JMeter can skip classfile scanning
2024-04-18 18:34:51,202 INFO o.a.j.r.ClassFinder: Will scan jar /opt/homebrew/Cellar/jmeter/5.6.3/libexec/lib/ext/jmeter-plugins-manager-1.9.jar with filter ExtendsClassFilter [parents=[interface org.apache.jmeter.gui.plugin.MenuCreator], inner=false, contains=null, notContains=null]. Consider exposing JMeter plugins via META-INF/services, and add JMeter-Skip-Class-Scanning=true manifest attribute so JMeter can skip classfile scanning
2024-04-18 18:34:51,276 INFO o.j.r.JARSourceHTTP: Requesting https://jmeter-plugins.org/repo/?installID=mac_os_x-d5729d204fb71ba1dff3767260c886fe-gui
2024-04-18 18:34:55,161 INFO o.j.r.PluginManager: Plugins Status: [jpgc-plugins-manager=1.9, jmeter-core=5.6.3, jmeter-ftp=5.6.3, jmeter-http=5.6.3, jmeter-jdbc=5.6.3, jmeter-jms=5.6.3, jmeter-junit=5.6.3, jmeter-java=5.6.3, jmeter-ldap=5.6.3, jmeter-mail=5.6.3, jmeter-mongodb=5.6.3, jmeter-native=5.6.3, jmeter-tcp=5.6.3, jmeter-components=5.6.3]
2024-04-18 18:34:55,161 INFO o.j.r.PluginManagerMenuItem: Plugins Manager has upgrades: [jpgc-plugins-manager]
2024-04-18 18:35:02,485 INFO o.a.j.s.FileServer: Default base='/Users/diegorsm'
2024-04-18 18:35:02,487 INFO o.a.j.g.a.Load: Loading file: /Users/diegorsm/Projects/portal_new/load-tests/bill.jmx
2024-04-18 18:35:02,487 INFO o.a.j.s.FileServer: Set new base='/Users/diegorsm/Projects/portal_new/load-tests'
2024-04-18 18:35:02,574 INFO o.a.j.s.SaveService: Testplan (JMX) version: 2.2. Testlog (JTL) version: 2.2
2024-04-18 18:35:02,579 INFO o.a.j.s.SaveService: Using SaveService properties version 5.0
2024-04-18 18:35:02,581 INFO o.a.j.s.SaveService: Using SaveService properties file encoding UTF-8
2024-04-18 18:35:02,582 INFO o.a.j.s.SaveService: Loading file: /Users/diegorsm/Projects/portal_new/load-tests/bill.jmx
2024-04-18 18:35:02,637 INFO o.a.j.p.h.s.HTTPSamplerBase: Parser for text/html is org.apache.jmeter.protocol.http.parser.LagartoBasedHtmlParser
2024-04-18 18:35:02,637 INFO o.a.j.p.h.s.HTTPSamplerBase: Parser for application/xhtml+xml is org.apache.jmeter.protocol.http.parser.LagartoBasedHtmlParser
2024-04-18 18:35:02,637 INFO o.a.j.p.h.s.HTTPSamplerBase: Parser for application/xml is org.apache.jmeter.protocol.http.parser.LagartoBasedHtmlParser
2024-04-18 18:35:02,637 INFO o.a.j.p.h.s.HTTPSamplerBase: Parser for text/xml is org.apache.jmeter.protocol.http.parser.LagartoBasedHtmlParser
2024-04-18 18:35:02,637 INFO o.a.j.p.h.s.HTTPSamplerBase: Parser for text/vnd.wap.wml is org.apache.jmeter.protocol.http.parser.RegexpHTMLParser
2024-04-18 18:35:02,637 INFO o.a.j.p.h.s.HTTPSamplerBase: Parser for text/css is org.apache.jmeter.protocol.http.parser.CssParser
2024-04-18 18:35:02,756 INFO o.a.j.s.SampleResult: Note: Sample TimeStamps are START times
2024-04-18 18:35:02,756 INFO o.a.j.s.SampleResult: sampleresult.default.encoding is set to UTF-8
2024-04-18 18:35:02,756 INFO o.a.j.s.SampleResult: sampleresult.useNanoTime=true
2024-04-18 18:35:02,756 INFO o.a.j.s.SampleResult: sampleresult.nanoThreadSleep=5000
2024-04-18 18:35:02,821 INFO o.a.j.r.ClassFinder: Will scan jar /opt/homebrew/Cellar/jmeter/5.6.3/libexec/lib/ext/jmeter-plugins-manager-1.9.jar with filter ExtendsClassFilter [parents=[interface org.apache.jmeter.visualizers.ResultRenderer], inner=false, contains=null, notContains=null]. Consider exposing JMeter plugins via META-INF/services, and add JMeter-Skip-Class-Scanning=true manifest attribute so JMeter can skip classfile scanning
2024-04-18 18:35:02,836 INFO o.a.j.r.ClassFinder: Will scan jar /opt/homebrew/Cellar/jmeter/5.6.3/libexec/lib/ext/jmeter-plugins-manager-1.9.jar with filter ExtendsClassFilter [parents=[interface org.apache.jmeter.visualizers.RequestView], inner=false, contains=null, notContains=null]. Consider exposing JMeter plugins via META-INF/services, and add JMeter-Skip-Class-Scanning=true manifest attribute so JMeter can skip classfile scanning
2024-04-18 18:35:02,890 INFO o.a.j.s.FileServer: Set new base='/Users/diegorsm/Projects/portal_new/load-tests'
2024-04-18 18:35:06,854 INFO o.a.j.r.ClassFinder: Will scan jar /opt/homebrew/Cellar/jmeter/5.6.3/libexec/lib/ext/jmeter-plugins-manager-1.9.jar with filter ExtendsClassFilter [parents=[interface org.apache.jmeter.visualizers.ResultRenderer], inner=false, contains=null, notContains=null]. Consider exposing JMeter plugins via META-INF/services, and add JMeter-Skip-Class-Scanning=true manifest attribute so JMeter can skip classfile scanning
2024-04-18 18:35:06,867 INFO o.a.j.r.ClassFinder: Will scan jar /opt/homebrew/Cellar/jmeter/5.6.3/libexec/lib/ext/jmeter-plugins-manager-1.9.jar with filter ExtendsClassFilter [parents=[interface org.apache.jmeter.visualizers.RequestView], inner=false, contains=null, notContains=null]. Consider exposing JMeter plugins via META-INF/services, and add JMeter-Skip-Class-Scanning=true manifest attribute so JMeter can skip classfile scanning
2024-04-18 18:35:11,617 INFO o.a.j.e.StandardJMeterEngine: Running the test!
2024-04-18 18:35:11,617 INFO o.a.j.s.SampleEvent: List of sample_variables: []
2024-04-18 18:35:11,618 INFO o.a.j.s.SampleEvent: List of sample_variables: []
2024-04-18 18:35:11,618 INFO o.a.j.e.u.CompoundVariable: Note: Function class names must contain the string: '.functions.'
2024-04-18 18:35:11,618 INFO o.a.j.e.u.CompoundVariable: Note: Function class names must not contain the string: '.gui.'
2024-04-18 18:35:11,644 INFO o.a.j.r.ClassFinder: Will scan jar /opt/homebrew/Cellar/jmeter/5.6.3/libexec/lib/ext/jmeter-plugins-manager-1.9.jar with filter ExtendsClassFilter [parents=[interface org.apache.jmeter.functions.Function], inner=false, contains=null, notContains=null]. Consider exposing JMeter plugins via META-INF/services, and add JMeter-Skip-Class-Scanning=true manifest attribute so JMeter can skip classfile scanning
2024-04-18 18:35:11,648 INFO o.a.j.g.u.JMeterMenuBar: setRunning(true, *local*)
2024-04-18 18:35:11,676 INFO o.a.j.e.StandardJMeterEngine: Starting ThreadGroup: 1 : Thread Group
2024-04-18 18:35:11,676 INFO o.a.j.e.StandardJMeterEngine: Starting 3 threads for group Thread Group.
2024-04-18 18:35:11,676 INFO o.a.j.e.StandardJMeterEngine: Thread will continue on error
2024-04-18 18:35:11,676 INFO o.a.j.t.ThreadGroup: Starting thread group... number=1 threads=3 ramp-up=1 delayedStart=false
2024-04-18 18:35:11,678 INFO o.a.j.t.JMeterThread: Thread started: Thread Group 1-1
2024-04-18 18:35:11,679 INFO o.a.j.t.ThreadGroup: Started thread group number 1
2024-04-18 18:35:11,679 INFO o.a.j.e.StandardJMeterEngine: All thread groups have been started
2024-04-18 18:35:11,682 INFO o.a.j.p.h.s.HTTPHCAbstractImpl: Local host = Diegos-MacBook-Pro.local
2024-04-18 18:35:11,685 INFO o.a.j.p.h.s.HTTPHC4Impl: HTTP request retry count = 0
2024-04-18 18:35:12,014 INFO o.a.j.t.JMeterThread: Thread started: Thread Group 1-2
2024-04-18 18:35:12,348 INFO o.a.j.t.JMeterThread: Thread started: Thread Group 1-3
2024-04-18 18:37:17,910 INFO o.a.j.t.JMeterThread: Thread is done: Thread Group 1-1
2024-04-18 18:37:17,910 INFO o.a.j.t.JMeterThread: Thread finished: Thread Group 1-1
2024-04-18 18:37:20,195 INFO o.a.j.t.JMeterThread: Thread is done: Thread Group 1-2
2024-04-18 18:37:20,196 INFO o.a.j.t.JMeterThread: Thread finished: Thread Group 1-2
2024-04-18 18:37:20,694 INFO o.a.j.t.JMeterThread: Thread is done: Thread Group 1-3
2024-04-18 18:37:20,694 INFO o.a.j.t.JMeterThread: Thread finished: Thread Group 1-3
2024-04-18 18:37:20,695 INFO o.a.j.e.StandardJMeterEngine: Notifying test listeners of end of test
2024-04-18 18:37:20,696 INFO o.a.j.g.u.JMeterMenuBar: setRunning(false, *local*)
